2025-11-19 08:59:00 | WARN | repo=arquillian-phantom-binary | action=pull
2025-06-05 21:15:00 | WARN | repo=arquillian-phantom-binary | action=edit | files=5
2025-04-28 08:45:00 | INFO | repo=arquillian-phantom-binary | action=edit | files=2
2025-06-15 19:19:00 | WARN | repo=arquillian-phantom-binary | action=commit
2025-05-22 15:46:00 | WARN | repo=arquillian-phantom-binary | action=commit
2025-07-08 18:44:00 | INFO | repo=arquillian-phantom-binary | action=commit
2025-03-10 15:41:00 | INFO | repo=arquillian-phantom-binary | action=commit
2025-03-02 14:22:00 | DEBUG | repo=arquillian-phantom-binary | action=commit
2025-05-13 08:52:00 | INFO | repo=arquillian-phantom-binary | action=commit
2025-09-20 08:38:00 | WARN | repo=arquillian-phantom-binary | action=edit | files=5
2025-02-14 20:19:00 | INFO | repo=arquillian-phantom-binary | action=edit | files=5
2025-04-13 09:03:00 | WARN | repo=arquillian-phantom-binary | action=commit
2025-08-01 07:23:00 | WARN | repo=arquillian-phantom-binary | action=test | passed=true
2025-12-09 16:29:00 | DEBUG | repo=arquillian-phantom-binary | action=test | passed=true
2025-01-08 14:30:00 | INFO | repo=arquillian-phantom-binary | action=commit
2025-08-16 13:22:00 | INFO | repo=arquillian-phantom-binary | action=edit | files=1
2025-02-04 21:42:00 | WARN | repo=arquillian-phantom-binary | action=commit
2025-08-04 15:00:00 | INFO | repo=arquillian-phantom-binary | action=commit
2025-04-17 17:18:00 | DEBUG | repo=arquillian-phantom-binary | action=edit | files=5
2025-12-03 12:03:00 | INFO | repo=arquillian-phantom-binary | action=test | passed=true
2025-10-16 10:08:00 | WARN | repo=arquillian-phantom-binary | action=commit
2025-04-26 17:30:00 | WARN | repo=arquillian-phantom-binary | action=commit
2025-08-26 11:43:00 | DEBUG | repo=arquillian-phantom-binary | action=pull
2025-03-25 07:40:00 | WARN | repo=arquillian-phantom-binary | action=commit
2025-11-08 20:42:00 | INFO | repo=arquillian-phantom-binary | action=commit
2025-07-02 15:56:00 | INFO | repo=arquillian-phantom-binary | action=commit
2025-12-11 21:07:00 | INFO | repo=arquillian-phantom-binary | action=edit | files=2
2025-06-15 10:33:00 | INFO | repo=arquillian-phantom-binary | action=commit
